已經開始建置於 2017/1/3 下午 07:42:14。
     1>節點 2 (Build 目標) 上的專案 "C:\c_code\git\FinalProject\kai\20161230\ref\FinalProject\FinalProject\FinalProject.vcxproj"。
     1>C:\Program Files (x86)\MSBuild\Microsoft.Cpp\v4.0\V120\Microsoft.CppBuild.targets(356,5): warning MSB8004: Intermediate Directory does not end with a trailing slash.  This build instance will add the slash as it is required to allow proper evaluation of the Intermediate Directory.
     1>C:\Program Files (x86)\MSBuild\Microsoft.Cpp\v4.0\V120\Microsoft.CppBuild.targets(357,5): warning MSB8004: Output Directory does not end with a trailing slash.  This build instance will add the slash as it is required to allow proper evaluation of the Output Directory.
     1>ClCompile:
         C:\Program Files (x86)\Microsoft Visual Studio 12.0\VC\bin\CL.exe /c /I..\..\include /ZI /nologo /W3 /WX- /sdl /Od /Oy- /D _MBCS /Gm /EHsc /RTC1 /MDd /GS /fp:precise /Zc:wchar_t /Zc:forScope /Fo"..\..\temp\debug\\" /Fd"..\..\temp\debug\vc120.pdb" /Gd /TC /analyze- /errorReport:prompt ..\..\source\main.c
         main.c
     1>c:\c_code\git\finalproject\kai\20161230\ref\include\xiao.h(423): warning C4244: '=' : 將 '__int64' 轉換為 'long'，由於類型不同，可能導致資料遺失
     1>c:\c_code\git\finalproject\kai\20161230\ref\include\kai.h(11): warning C4031: 第二型式參數清單比第一清單長
     1>c:\c_code\git\finalproject\kai\20161230\ref\include\kai.h(367): warning C4027: 宣告沒有型式參數清單的函式
     1>c:\c_code\git\finalproject\kai\20161230\ref\include\kai.h(483): warning C4027: 宣告沒有型式參數清單的函式
     1>c:\c_code\git\finalproject\kai\20161230\ref\include\kai.h(546): warning C4027: 宣告沒有型式參數清單的函式
     1>c:\c_code\git\finalproject\kai\20161230\ref\source\main.c(69): warning C4244: '函式' : 將 'time_t' 轉換為 'unsigned int'，由於類型不同，可能導致資料遺失
     1>c:\c_code\git\finalproject\kai\20161230\ref\include\xiao.h(351): warning C4715: 'autosave' : 不是所有控制路徑都傳回值
     1>c:\c_code\git\finalproject\kai\20161230\ref\include\xiao.h(396): warning C4716: 'save_record' : 必須傳回值
     1>c:\c_code\git\finalproject\kai\20161230\ref\include\xiao.h(431): warning C4716: 'read_record' : 必須傳回值
     1>c:\c_code\git\finalproject\kai\20161230\ref\include\xiao.h(371): warning C4715: 'recovery' : 不是所有控制路徑都傳回值
       Link:
         C:\Program Files (x86)\Microsoft Visual Studio 12.0\VC\bin\link.exe /ERRORREPORT:PROMPT /OUT:"..\..\temp\debug\FinalProject.exe" /INCREMENTAL /NOLOGO kernel32.lib user32.lib gdi32.lib winspool.lib comdlg32.lib advapi32.lib shell32.lib ole32.lib oleaut32.lib uuid.lib odbc32.lib odbccp32.lib /MANIFEST /MANIFESTUAC:"level='asInvoker' uiAccess='false'" /manifest:embed /DEBUG /PDB:"..\..\temp\debug\FinalProject.pdb" /TLBID:1 /DYNAMICBASE /NXCOMPAT /IMPLIB:"..\..\temp\debug\FinalProject.lib" /MACHINE:X86 ..\..\temp\debug\main.obj
         FinalProject.vcxproj -> C:\c_code\git\FinalProject\kai\20161230\ref\FinalProject\FinalProject\..\..\temp\debug\FinalProject.exe
     1>專案 "C:\c_code\git\FinalProject\kai\20161230\ref\FinalProject\FinalProject\FinalProject.vcxproj" (Build 目標) 建置完成。

建置成功。

經過時間 00:00:01.14
