<<<<<<< HEAD
<<<<<<< HEAD
﻿已經開始建置於 2016/12/14 上午 02:46:06。
     1>節點 2 (Build 目標) 上的專案 "C:\c_code\git\FinalProject\FinalProject\FinalProject\FinalProject.vcxproj"。
     1>C:\Program Files (x86)\MSBuild\Microsoft.Cpp\v4.0\V120\Microsoft.CppBuild.targets(356,5): warning MSB8004: Intermediate Directory does not end with a trailing slash.  This build instance will add the slash as it is required to allow proper evaluation of the Intermediate Directory.
     1>C:\Program Files (x86)\MSBuild\Microsoft.Cpp\v4.0\V120\Microsoft.CppBuild.targets(357,5): warning MSB8004: Output Directory does not end with a trailing slash.  This build instance will add the slash as it is required to allow proper evaluation of the Output Directory.
     1>ClCompile:
         C:\Program Files (x86)\Microsoft Visual Studio 12.0\VC\bin\CL.exe /c /I..\..\include /ZI /nologo /W3 /WX- /sdl /Od /Oy- /D _MBCS /Gm /EHsc /RTC1 /MDd /GS /fp:precise /Zc:wchar_t /Zc:forScope /Fo"..\..\temp\debug\\" /Fd"..\..\temp\debug\vc120.pdb" /Gd /TC /analyze- /errorReport:prompt ..\..\source\main.c
         main.c
     1>c:\c_code\git\finalproject\include\kai.h : warning C4819: 檔案含有無法在目前字碼頁 (950) 中表示的字元。請以 Unicode 格式儲存檔案以防止資料遺失
       Link:
         C:\Program Files (x86)\Microsoft Visual Studio 12.0\VC\bin\link.exe /ERRORREPORT:PROMPT /OUT:"..\..\temp\debug\FinalProject.exe" /INCREMENTAL /NOLOGO kernel32.lib user32.lib gdi32.lib winspool.lib comdlg32.lib advapi32.lib shell32.lib ole32.lib oleaut32.lib uuid.lib odbc32.lib odbccp32.lib /MANIFEST /MANIFESTUAC:"level='asInvoker' uiAccess='false'" /manifest:embed /DEBUG /PDB:"..\..\temp\debug\FinalProject.pdb" /TLBID:1 /DYNAMICBASE /NXCOMPAT /IMPLIB:"..\..\temp\debug\FinalProject.lib" /MACHINE:X86 ..\..\temp\debug\main.obj
         LINK : 最後的累加連結找不到或未建置 ..\..\temp\debug\FinalProject.exe，正在執行完整連結
         FinalProject.vcxproj -> C:\c_code\git\FinalProject\FinalProject\FinalProject\..\..\temp\debug\FinalProject.exe
     1>專案 "C:\c_code\git\FinalProject\FinalProject\FinalProject\FinalProject.vcxproj" (Build 目標) 建置完成。

建置成功。

經過時間 00:00:00.46
=======
﻿Build started 2016/12/15 下午 02:21:52.
=======
﻿Build started 2016/12/19 下午 10:23:09.
>>>>>>> 2179b911e0683b3ec67cd0f5bfe4bf0b2b402a44
     1>Project "C:\Users\Xiao-Xian-Jie\Desktop\FinalProject\xiao\FinalProject\FinalProject\FinalProject\FinalProject.vcxproj" on node 2 (Build target(s)).
     1>C:\Program Files (x86)\MSBuild\Microsoft.Cpp\v4.0\V120\Microsoft.CppBuild.targets(363,5): warning MSB8004: Intermediate Directory does not end with a trailing slash.  This build instance will add the slash as it is required to allow proper evaluation of the Intermediate Directory.
     1>C:\Program Files (x86)\MSBuild\Microsoft.Cpp\v4.0\V120\Microsoft.CppBuild.targets(364,5): warning MSB8004: Output Directory does not end with a trailing slash.  This build instance will add the slash as it is required to allow proper evaluation of the Output Directory.
     1>ClCompile:
         C:\Program Files (x86)\Microsoft Visual Studio 12.0\VC\bin\CL.exe /c /I..\..\include /ZI /nologo /W3 /WX- /sdl /Od /Oy- /D _MBCS /Gm /EHsc /RTC1 /MDd /GS /fp:precise /Zc:wchar_t /Zc:forScope /Fo"..\..\temp\debug\\" /Fd"..\..\temp\debug\vc120.pdb" /Gd /TC /analyze- /errorReport:prompt ..\..\source\main.c
         main.c
     1>c:\users\xiao-xian-jie\desktop\finalproject\xiao\finalproject\include\asd346119.h(88): warning C4102: 'case50' : unreferenced label
     1>c:\users\xiao-xian-jie\desktop\finalproject\xiao\finalproject\include\asd346119.h(84): warning C4102: 'case49' : unreferenced label
     1>c:\users\xiao-xian-jie\desktop\finalproject\xiao\finalproject\source\main.c(47): warning C4244: 'function' : conversion from 'time_t' to 'unsigned int', possible loss of data
       Link:
         C:\Program Files (x86)\Microsoft Visual Studio 12.0\VC\bin\link.exe /ERRORREPORT:PROMPT /OUT:"..\..\temp\debug\FinalProject.exe" /INCREMENTAL /NOLOGO kernel32.lib user32.lib gdi32.lib winspool.lib comdlg32.lib advapi32.lib shell32.lib ole32.lib oleaut32.lib uuid.lib odbc32.lib odbccp32.lib /MANIFEST /MANIFESTUAC:"level='asInvoker' uiAccess='false'" /manifest:embed /DEBUG /PDB:"..\..\temp\debug\FinalProject.pdb" /TLBID:1 /DYNAMICBASE /NXCOMPAT /IMPLIB:"..\..\temp\debug\FinalProject.lib" /MACHINE:X86 ..\..\temp\debug\main.obj
         FinalProject.vcxproj -> C:\Users\Xiao-Xian-Jie\Desktop\FinalProject\xiao\FinalProject\FinalProject\FinalProject\..\..\temp\debug\FinalProject.exe
     1>Done Building Project "C:\Users\Xiao-Xian-Jie\Desktop\FinalProject\xiao\FinalProject\FinalProject\FinalProject\FinalProject.vcxproj" (Build target(s)).

Build succeeded.

<<<<<<< HEAD
Time Elapsed 00:00:00.40
>>>>>>> 6540031a9bc4b8a4182881cf147e74934a2b732f
=======
Time Elapsed 00:00:00.85
>>>>>>> 2179b911e0683b3ec67cd0f5bfe4bf0b2b402a44
